<?xml version="1.0" encoding="UTF-8"?>
<!-- Generated by org.testng.reporters.JUnitReportReporter -->
<testsuite hostname="DESKTOP-TOMKA6D" failures="0" tests="1" name="Basic.ChronologicalOrder" time="0.026" errors="0" timestamp="2024-05-10T16:08:58 IST" skipped="0">
  <testcase classname="Basic.ChronologicalOrder" name="test" time="0.026"/>
</testsuite> <!-- Basic.ChronologicalOrder -->
