<?xml version="1.0" encoding="UTF-8"?>
<!-- Generated by org.testng.reporters.JUnitReportReporter -->
<testsuite hostname="DESKTOP-TOMKA6D" failures="0" tests="1" name="Listners.GIftCart" time="15.945" errors="0" timestamp="2024-05-24T13:23:09 IST" skipped="0">
  <testcase classname="Listners.GIftCart" name="GiftCart" time="15.945"/>
</testsuite> <!-- Listners.GIftCart -->
