<?xml version="1.0" encoding="UTF-8"?>
<!-- Generated by org.testng.reporters.JUnitReportReporter -->
<testsuite hostname="DESKTOP-TOMKA6D" failures="0" tests="1" name="TestNGBasic.AddToProduct" time="5.156" errors="0" timestamp="2024-05-20T20:07:15 IST" skipped="0">
  <testcase classname="TestNGBasic.AddToProduct" name="test" time="5.156"/>
</testsuite> <!-- TestNGBasic.AddToProduct -->
