<?xml version="1.0" encoding="UTF-8"?>
<!-- Generated by org.testng.reporters.JUnitReportReporter -->
<testsuite hostname="DESKTOP-TOMKA6D" failures="0" tests="2" name="DataDriven.DataProviderBasic" time="36.127" errors="0" timestamp="2024-05-17T11:31:24 IST" skipped="0">
  <testcase classname="DataDriven.DataProviderBasic" name="receiver" time="15.619"/>
  <testcase classname="DataDriven.DataProviderBasic" name="receiver" time="20.508"/>
</testsuite> <!-- DataDriven.DataProviderBasic -->
