<?xml version="1.0" encoding="UTF-8"?>
<!-- Generated by org.testng.reporters.JUnitReportReporter -->
<testsuite hostname="DESKTOP-TOMKA6D" failures="0" tests="5" name="TestNGBasic.PriorityMethods" time="296.260" errors="0" timestamp="2024-05-21T10:08:28 IST" skipped="1">
  <testcase classname="TestNGBasic.PriorityMethods" name="mumbai" time="81.240"/>
  <testcase classname="TestNGBasic.PriorityMethods" name="mumbai" time="81.298"/>
  <testcase classname="TestNGBasic.PriorityMethods" name="jio" time="14.874"/>
  <testcase classname="TestNGBasic.PriorityMethods" name="csk" time="118.848"/>
  <testcase classname="TestNGBasic.PriorityMethods" name="rcb">
    <skipped/>
  </testcase> <!-- rcb -->
</testsuite> <!-- TestNGBasic.PriorityMethods -->
