<?xml version="1.0" encoding="UTF-8"?>
<!-- Generated by org.testng.reporters.JUnitReportReporter -->
<testsuite hostname="DESKTOP-TOMKA6D" failures="0" tests="1" name="Listners.Retry" time="8.353" errors="0" timestamp="2024-05-27T09:57:28 IST" skipped="0">
  <testcase classname="Listners.Retry" name="retryMethod" time="8.353"/>
</testsuite> <!-- Listners.Retry -->
