<?xml version="1.0" encoding="UTF-8"?>
<!-- Generated by org.testng.reporters.JUnitReportReporter -->
<testsuite hostname="DESKTOP-TOMKA6D" failures="0" tests="1" name="DataDriven.ReadDataFromExcelFile" time="1.203" errors="0" timestamp="2024-05-17T11:38:41 IST" skipped="0">
  <testcase classname="DataDriven.ReadDataFromExcelFile" name="readData" time="1.203"/>
</testsuite> <!-- DataDriven.ReadDataFromExcelFile -->
