<?xml version="1.0" encoding="UTF-8"?>
<!-- Generated by org.testng.reporters.JUnitReportReporter -->
<testsuite hostname="DESKTOP-TOMKA6D" failures="0" tests="1" name="ShoesBrand.Fifa" time="26.216" errors="0" timestamp="2024-05-10T13:56:43 IST" skipped="0">
  <testcase classname="ShoesBrand.Fifa" name="amazon" time="26.216"/>
</testsuite> <!-- ShoesBrand.Fifa -->
