<?xml version="1.0" encoding="UTF-8"?>
<!-- Generated by org.testng.reporters.JUnitReportReporter -->
<testsuite hostname="DESKTOP-TOMKA6D" failures="0" tests="1" name="Assertion.AssertNotNull" time="8.758" errors="0" timestamp="2024-05-21T11:29:28 IST" skipped="0">
  <testcase classname="Assertion.AssertNotNull" name="hardAssert" time="8.758"/>
</testsuite> <!-- Assertion.AssertNotNull -->
