<?xml version="1.0" encoding="UTF-8"?>
<!-- Generated by org.testng.reporters.JUnitReportReporter -->
<testsuite hostname="DESKTOP-TOMKA6D" failures="0" tests="2" name="Basic.ChronoOrder2" time="0.030" errors="0" timestamp="2024-05-10T16:22:16 IST" skipped="0">
  <testcase classname="Basic.ChronoOrder2" name="test2" time="0.008"/>
  <testcase classname="Basic.ChronoOrder2" name="test1" time="0.022"/>
</testsuite> <!-- Basic.ChronoOrder2 -->
