<?xml version="1.0" encoding="UTF-8"?>
<!-- Generated by org.testng.reporters.JUnitReportReporter -->
<testsuite hostname="DESKTOP-TOMKA6D" failures="0" tests="1" name="Parameter.ShopperStack" time="33.290" errors="0" timestamp="2024-05-20T10:20:43 IST" skipped="0">
  <testcase classname="Parameter.ShopperStack" name="shopperStack" time="33.290"/>
</testsuite> <!-- Parameter.ShopperStack -->
