<?xml version="1.0" encoding="UTF-8"?>
<!-- Generated by org.testng.reporters.JUnitReportReporter -->
<testsuite hostname="DESKTOP-TOMKA6D" failures="0" tests="1" name="Listners.AddToCart" time="9.826" errors="0" timestamp="2024-05-25T11:17:19 IST" skipped="0">
  <testcase classname="Listners.AddToCart" name="addToCart" time="9.826"/>
</testsuite> <!-- Listners.AddToCart -->
