<?xml version="1.0" encoding="UTF-8"?>
<!-- Generated by org.testng.reporters.JUnitReportReporter -->
<testsuite hostname="DESKTOP-TOMKA6D" failures="0" tests="1" name="Assertion.AssertTrue" time="8.865" errors="0" timestamp="2024-05-21T11:32:11 IST" skipped="0">
  <testcase classname="Assertion.AssertTrue" name="hardAssert" time="8.865"/>
</testsuite> <!-- Assertion.AssertTrue -->
