<?xml version="1.0" encoding="UTF-8"?>
<!-- Generated by org.testng.reporters.JUnitReportReporter -->
<testsuite hostname="DESKTOP-TOMKA6D" failures="0" tests="1" name="Assertion.AssertNull" time="16.227" errors="0" timestamp="2024-05-21T11:25:54 IST" skipped="0">
  <testcase classname="Assertion.AssertNull" name="hardAssert" time="16.227"/>
</testsuite> <!-- Assertion.AssertNull -->
