<?xml version="1.0" encoding="UTF-8"?>
<!-- Generated by org.testng.reporters.JUnitReportReporter -->
<testsuite hostname="DESKTOP-TOMKA6D" failures="0" tests="1" name="DataDriven.BaseClass" time="18.665" errors="0" timestamp="2024-05-20T10:14:13 IST" skipped="0">
  <testcase classname="DataDriven.BaseClass" name="shopperStack" time="18.665"/>
</testsuite> <!-- DataDriven.BaseClass -->
