<?xml version="1.0" encoding="UTF-8"?>
<!-- Generated by org.testng.reporters.JUnitReportReporter -->
<testsuite hostname="DESKTOP-TOMKA6D" failures="0" tests="1" name="Extent_Report.SampleReport" time="1.299" errors="0" timestamp="2024-05-30T09:59:03 IST" skipped="0">
  <testcase classname="Extent_Report.SampleReport" name="launchReport" time="1.299"/>
</testsuite> <!-- Extent_Report.SampleReport -->
