<?xml version="1.0" encoding="UTF-8"?>
<!-- Generated by org.testng.reporters.JUnitReportReporter -->
<testsuite hostname="DESKTOP-TOMKA6D" failures="0" tests="1" name="Extent_Report.Sample_Report2" time="1.298" errors="0" timestamp="2024-05-30T09:44:41 IST" skipped="0">
  <testcase classname="Extent_Report.Sample_Report2" name="launchReport" time="1.298"/>
</testsuite> <!-- Extent_Report.Sample_Report2 -->
