<?xml version="1.0" encoding="UTF-8"?>
<!-- Generated by org.testng.reporters.JUnitReportReporter -->
<testsuite hostname="DESKTOP-TOMKA6D" failures="0" tests="1" name="POM.DwsLogin" time="11.997" errors="0" timestamp="2024-05-27T12:51:04 IST" skipped="0">
  <testcase classname="POM.DwsLogin" name="login" time="11.997"/>
</testsuite> <!-- POM.DwsLogin -->
