<?xml version="1.0" encoding="UTF-8"?>
<!-- Generated by org.testng.reporters.JUnitReportReporter -->
<testsuite hostname="DESKTOP-TOMKA6D" failures="0" tests="1" name="Basic.LaunchExecution" time="9.373" errors="0" timestamp="2024-05-09T12:44:42 IST" skipped="0">
  <testcase classname="Basic.LaunchExecution" name="method" time="9.373"/>
</testsuite> <!-- Basic.LaunchExecution -->
