<?xml version="1.0" encoding="UTF-8"?>
<!-- Generated by org.testng.reporters.JUnitReportReporter -->
<testsuite hostname="DESKTOP-TOMKA6D" failures="0" tests="1" name="CrossBrowser.CrossBrowserTesting" time="98.778" errors="0" timestamp="2024-05-20T12:22:00 IST" skipped="0">
  <testcase classname="CrossBrowser.CrossBrowserTesting" name="crossBrowser" time="98.778"/>
</testsuite> <!-- CrossBrowser.CrossBrowserTesting -->
